[2019-03-15 09:03:03.337] {localhost-startStop-1}[DEBUG][org.apache.ibatis.logging.LogFactory]: Logging initialized using 'class org.apache.ibatis.logging.slf4j.Slf4jImpl' adapter.
[2019-03-15 09:03:06.135] {localhost-startStop-1}[DEBUG][org.mybatis.spring.SqlSessionFactoryBean]: Parsed configuration file: 'class path resource [sql-map-config.xml]'
[2019-03-15 09:03:06.137] {localhost-startStop-1}[DEBUG][org.mybatis.spring.SqlSessionFactoryBean]: Property 'mapperLocations' was not specified or no matching resources found
[2019-03-15 09:03:06.658] {localhost-startStop-1}[INFO ][org.quartz.core.SchedulerSignalerImpl]: Initialized Scheduler Signaller of type: class org.quartz.core.SchedulerSignalerImpl
[2019-03-15 09:03:06.660] {localhost-startStop-1}[INFO ][org.quartz.core.QuartzScheduler]: Quartz Scheduler v.1.6.1 created.
[2019-03-15 09:03:06.663] {localhost-startStop-1}[INFO ][org.quartz.simpl.RAMJobStore]: RAMJobStore initialized.
[2019-03-15 09:03:06.663] {localhost-startStop-1}[INFO ][org.quartz.impl.StdSchedulerFactory]: Quartz scheduler 'org.springframework.scheduling.quartz.SchedulerFactoryBean#0' initialized from an externally provided properties instance.
[2019-03-15 09:03:06.663] {localhost-startStop-1}[INFO ][org.quartz.impl.StdSchedulerFactory]: Quartz scheduler version: 1.6.1
[2019-03-15 09:03:06.666] {localhost-startStop-1}[INFO ][org.quartz.core.QuartzScheduler]: JobFactory set to: org.springframework.scheduling.quartz.AdaptableJobFactory@34c857a0
[2019-03-15 09:03:06.676] {localhost-startStop-1}[DEBUG][es.ja.cice.pct.moad.manager.ServicioCriptografico]: Validando las claves de cifrado.
[2019-03-15 09:03:06.680] {localhost-startStop-1}[DEBUG][es.ja.cice.pct.moad.manager.ServicioCriptografico]: Validando clave para cifrado de aplicaciones.
[2019-03-15 09:03:07.102] {localhost-startStop-1}[DEBUG][es.ja.cice.pct.moad.manager.ServicioCriptografico]: Clave de cifrado de aplicaciones validada correctamente.
[2019-03-15 09:03:07.102] {localhost-startStop-1}[DEBUG][es.ja.cice.pct.moad.manager.ServicioCriptografico]: Validando clave para cifrado de oficinas de registro.
[2019-03-15 09:03:07.102] {localhost-startStop-1}[DEBUG][es.ja.cice.pct.moad.manager.ServicioCriptografico]: Clave de cifrado de oficinas de regsitro validada correctamente.
[2019-03-15 09:03:07.102] {localhost-startStop-1}[DEBUG][es.ja.cice.pct.moad.manager.ServicioCriptografico]: Validando clave para cifrado de configuración Trew@.
[2019-03-15 09:03:07.102] {localhost-startStop-1}[DEBUG][es.ja.cice.pct.moad.manager.ServicioCriptografico]: Clave de cifrado de configuración Trew@ validada correctamente.
[2019-03-15 09:03:07.102] {localhost-startStop-1}[DEBUG][es.ja.cice.pct.moad.manager.ServicioCriptografico]: Claves de cifrado validadas correctamente.
[2019-03-15 09:03:07.634] {localhost-startStop-1}[DEBUG][es.ja.cice.pct.moad.util.ManejadorPreferenciasImpl]: Cargando valores desde archivo: moad-service.properties
[2019-03-15 09:03:07.635] {localhost-startStop-1}[DEBUG][es.ja.cice.pct.moad.util.ManejadorPreferenciasImpl]: Valores de configuración cargados.
[2019-03-15 09:03:09.568] {localhost-startStop-1}[INFO ][org.apache.cxf.service.factory.ReflectionServiceFactoryBean]: Creating Service {http://webservices.moad.pct.cice.ja.es/}ConfiguracionesService from class es.ja.cice.pct.moad.webservices.IConfiguracionesService
[2019-03-15 09:03:11.720] {localhost-startStop-1}[INFO ][org.apache.cxf.endpoint.ServerImpl]: Setting the server's publish address to be /ConfiguracionesService
[2019-03-15 09:03:11.741] {localhost-startStop-1}[INFO ][org.apache.cxf.service.factory.ReflectionServiceFactoryBean]: Creating Service {http://webservices.moad.pct.cice.ja.es/}MenuCabeceraService from class es.ja.cice.pct.moad.webservices.IMenuCabeceraService
[2019-03-15 09:03:11.788] {localhost-startStop-1}[INFO ][org.apache.cxf.endpoint.ServerImpl]: Setting the server's publish address to be /MenuCabeceraService
[2019-03-15 09:03:11.791] {localhost-startStop-1}[INFO ][org.apache.cxf.service.factory.ReflectionServiceFactoryBean]: Creating Service {http://webservices.moad.pct.cice.ja.es/}PerfilesService from class es.ja.cice.pct.moad.webservices.IPerfilesService
[2019-03-15 09:03:11.851] {localhost-startStop-1}[INFO ][org.apache.cxf.endpoint.ServerImpl]: Setting the server's publish address to be /PerfilesService
[2019-03-15 09:03:11.855] {localhost-startStop-1}[INFO ][org.apache.cxf.service.factory.ReflectionServiceFactoryBean]: Creating Service {http://webservices.moad.pct.cice.ja.es/}ProcedimientosService from class es.ja.cice.pct.moad.webservices.IProcedimientosService
[2019-03-15 09:03:12.249] {localhost-startStop-1}[INFO ][org.apache.cxf.endpoint.ServerImpl]: Setting the server's publish address to be /ProcedimientosService
[2019-03-15 09:03:12.254] {localhost-startStop-1}[INFO ][org.apache.cxf.service.factory.ReflectionServiceFactoryBean]: Creating Service {http://webservices.moad.pct.cice.ja.es/}UnidadesOrganicasService from class es.ja.cice.pct.moad.webservices.IUnidadesOrganicasService
[2019-03-15 09:03:12.466] {localhost-startStop-1}[INFO ][org.apache.cxf.endpoint.ServerImpl]: Setting the server's publish address to be /UnidadesOrganicasService
[2019-03-15 09:03:12.469] {localhost-startStop-1}[INFO ][org.apache.cxf.service.factory.ReflectionServiceFactoryBean]: Creating Service {http://webservices.moad.pct.cice.ja.es/}UsuariosService from class es.ja.cice.pct.moad.webservices.IUsuariosService
[2019-03-15 09:03:12.553] {localhost-startStop-1}[INFO ][org.apache.cxf.endpoint.ServerImpl]: Setting the server's publish address to be /UsuariosService
[2019-03-15 09:03:12.557] {localhost-startStop-1}[INFO ][org.apache.cxf.service.factory.ReflectionServiceFactoryBean]: Creating Service {http://webservices.security.common.pct.cice.ja.es/}ValidacionService from class es.ja.cice.pct.common.security.webservices.IValidacionService
[2019-03-15 09:04:41.763] {localhost-startStop-1}[DEBUG][org.apache.ibatis.logging.LogFactory]: Logging initialized using 'class org.apache.ibatis.logging.slf4j.Slf4jImpl' adapter.
[2019-03-15 09:04:44.147] {localhost-startStop-1}[DEBUG][org.mybatis.spring.SqlSessionFactoryBean]: Parsed configuration file: 'class path resource [sql-map-config.xml]'
[2019-03-15 09:04:44.149] {localhost-startStop-1}[DEBUG][org.mybatis.spring.SqlSessionFactoryBean]: Property 'mapperLocations' was not specified or no matching resources found
[2019-03-15 09:04:44.283] {localhost-startStop-1}[INFO ][org.quartz.core.SchedulerSignalerImpl]: Initialized Scheduler Signaller of type: class org.quartz.core.SchedulerSignalerImpl
[2019-03-15 09:04:44.284] {localhost-startStop-1}[INFO ][org.quartz.core.QuartzScheduler]: Quartz Scheduler v.1.6.1 created.
[2019-03-15 09:04:44.286] {localhost-startStop-1}[INFO ][org.quartz.simpl.RAMJobStore]: RAMJobStore initialized.
[2019-03-15 09:04:44.286] {localhost-startStop-1}[INFO ][org.quartz.impl.StdSchedulerFactory]: Quartz scheduler 'org.springframework.scheduling.quartz.SchedulerFactoryBean#0' initialized from an externally provided properties instance.
[2019-03-15 09:04:44.286] {localhost-startStop-1}[INFO ][org.quartz.impl.StdSchedulerFactory]: Quartz scheduler version: 1.6.1
[2019-03-15 09:04:44.289] {localhost-startStop-1}[INFO ][org.quartz.core.QuartzScheduler]: JobFactory set to: org.springframework.scheduling.quartz.AdaptableJobFactory@52305318
[2019-03-15 09:04:44.299] {localhost-startStop-1}[DEBUG][es.ja.cice.pct.moad.manager.ServicioCriptografico]: Validando las claves de cifrado.
[2019-03-15 09:04:44.302] {localhost-startStop-1}[DEBUG][es.ja.cice.pct.moad.manager.ServicioCriptografico]: Validando clave para cifrado de aplicaciones.
[2019-03-15 09:04:44.648] {localhost-startStop-1}[DEBUG][es.ja.cice.pct.moad.manager.ServicioCriptografico]: Clave de cifrado de aplicaciones validada correctamente.
[2019-03-15 09:04:44.648] {localhost-startStop-1}[DEBUG][es.ja.cice.pct.moad.manager.ServicioCriptografico]: Validando clave para cifrado de oficinas de registro.
[2019-03-15 09:04:44.648] {localhost-startStop-1}[DEBUG][es.ja.cice.pct.moad.manager.ServicioCriptografico]: Clave de cifrado de oficinas de regsitro validada correctamente.
[2019-03-15 09:04:44.649] {localhost-startStop-1}[DEBUG][es.ja.cice.pct.moad.manager.ServicioCriptografico]: Validando clave para cifrado de configuración Trew@.
[2019-03-15 09:04:44.649] {localhost-startStop-1}[DEBUG][es.ja.cice.pct.moad.manager.ServicioCriptografico]: Clave de cifrado de configuración Trew@ validada correctamente.
[2019-03-15 09:04:44.649] {localhost-startStop-1}[DEBUG][es.ja.cice.pct.moad.manager.ServicioCriptografico]: Claves de cifrado validadas correctamente.
[2019-03-15 09:04:45.139] {localhost-startStop-1}[DEBUG][es.ja.cice.pct.moad.util.ManejadorPreferenciasImpl]: Cargando valores desde archivo: moad-service.properties
[2019-03-15 09:04:45.140] {localhost-startStop-1}[DEBUG][es.ja.cice.pct.moad.util.ManejadorPreferenciasImpl]: Valores de configuración cargados.
[2019-03-15 09:04:45.565] {localhost-startStop-1}[INFO ][org.apache.cxf.service.factory.ReflectionServiceFactoryBean]: Creating Service {http://webservices.moad.pct.cice.ja.es/}ConfiguracionesService from class es.ja.cice.pct.moad.webservices.IConfiguracionesService
[2019-03-15 09:04:46.524] {localhost-startStop-1}[INFO ][org.apache.cxf.endpoint.ServerImpl]: Setting the server's publish address to be /ConfiguracionesService
[2019-03-15 09:04:46.544] {localhost-startStop-1}[INFO ][org.apache.cxf.service.factory.ReflectionServiceFactoryBean]: Creating Service {http://webservices.moad.pct.cice.ja.es/}MenuCabeceraService from class es.ja.cice.pct.moad.webservices.IMenuCabeceraService
[2019-03-15 09:04:46.590] {localhost-startStop-1}[INFO ][org.apache.cxf.endpoint.ServerImpl]: Setting the server's publish address to be /MenuCabeceraService
[2019-03-15 09:04:46.592] {localhost-startStop-1}[INFO ][org.apache.cxf.service.factory.ReflectionServiceFactoryBean]: Creating Service {http://webservices.moad.pct.cice.ja.es/}PerfilesService from class es.ja.cice.pct.moad.webservices.IPerfilesService
[2019-03-15 09:04:46.652] {localhost-startStop-1}[INFO ][org.apache.cxf.endpoint.ServerImpl]: Setting the server's publish address to be /PerfilesService
[2019-03-15 09:04:46.655] {localhost-startStop-1}[INFO ][org.apache.cxf.service.factory.ReflectionServiceFactoryBean]: Creating Service {http://webservices.moad.pct.cice.ja.es/}ProcedimientosService from class es.ja.cice.pct.moad.webservices.IProcedimientosService
[2019-03-15 09:04:46.919] {localhost-startStop-1}[INFO ][org.apache.cxf.endpoint.ServerImpl]: Setting the server's publish address to be /ProcedimientosService
[2019-03-15 09:04:46.923] {localhost-startStop-1}[INFO ][org.apache.cxf.service.factory.ReflectionServiceFactoryBean]: Creating Service {http://webservices.moad.pct.cice.ja.es/}UnidadesOrganicasService from class es.ja.cice.pct.moad.webservices.IUnidadesOrganicasService
[2019-03-15 09:04:47.120] {localhost-startStop-1}[INFO ][org.apache.cxf.endpoint.ServerImpl]: Setting the server's publish address to be /UnidadesOrganicasService
[2019-03-15 09:04:47.123] {localhost-startStop-1}[INFO ][org.apache.cxf.service.factory.ReflectionServiceFactoryBean]: Creating Service {http://webservices.moad.pct.cice.ja.es/}UsuariosService from class es.ja.cice.pct.moad.webservices.IUsuariosService
[2019-03-15 09:04:47.199] {localhost-startStop-1}[INFO ][org.apache.cxf.endpoint.ServerImpl]: Setting the server's publish address to be /UsuariosService
[2019-03-15 09:04:47.203] {localhost-startStop-1}[INFO ][org.apache.cxf.service.factory.ReflectionServiceFactoryBean]: Creating Service {http://webservices.security.common.pct.cice.ja.es/}ValidacionService from class es.ja.cice.pct.common.security.webservices.IValidacionService
[2019-03-15 09:04:47.450] {localhost-startStop-1}[INFO ][org.apache.cxf.endpoint.ServerImpl]: Setting the server's publish address to be /ValidacionService
[2019-03-15 09:04:47.453] {localhost-startStop-1}[INFO ][org.apache.cxf.service.factory.ReflectionServiceFactoryBean]: Creating Service {http://webservices.moad.pct.cice.ja.es/}ListasGlobalesServiceImplService from class es.ja.cice.pct.moad.webservices.IListasGlobalesService
[2019-03-15 09:04:47.575] {localhost-startStop-1}[INFO ][org.apache.cxf.endpoint.ServerImpl]: Setting the server's publish address to be /ListasGlobalesService
[2019-03-15 09:04:47.586] {localhost-startStop-1}[INFO ][org.quartz.core.QuartzScheduler]: Scheduler org.springframework.scheduling.quartz.SchedulerFactoryBean#0_$_NON_CLUSTERED started.
[2019-03-15 09:07:58.701] {localhost-startStop-1}[DEBUG][org.apache.ibatis.logging.LogFactory]: Logging initialized using 'class org.apache.ibatis.logging.slf4j.Slf4jImpl' adapter.
[2019-03-15 09:08:00.664] {localhost-startStop-1}[DEBUG][org.mybatis.spring.SqlSessionFactoryBean]: Parsed configuration file: 'class path resource [sql-map-config.xml]'
[2019-03-15 09:08:00.666] {localhost-startStop-1}[DEBUG][org.mybatis.spring.SqlSessionFactoryBean]: Property 'mapperLocations' was not specified or no matching resources found
[2019-03-15 09:08:00.803] {localhost-startStop-1}[INFO ][org.quartz.core.SchedulerSignalerImpl]: Initialized Scheduler Signaller of type: class org.quartz.core.SchedulerSignalerImpl
[2019-03-15 09:08:00.804] {localhost-startStop-1}[INFO ][org.quartz.core.QuartzScheduler]: Quartz Scheduler v.1.6.1 created.
[2019-03-15 09:08:00.806] {localhost-startStop-1}[INFO ][org.quartz.simpl.RAMJobStore]: RAMJobStore initialized.
[2019-03-15 09:08:00.807] {localhost-startStop-1}[INFO ][org.quartz.impl.StdSchedulerFactory]: Quartz scheduler 'org.springframework.scheduling.quartz.SchedulerFactoryBean#0' initialized from an externally provided properties instance.
[2019-03-15 09:08:00.807] {localhost-startStop-1}[INFO ][org.quartz.impl.StdSchedulerFactory]: Quartz scheduler version: 1.6.1
[2019-03-15 09:08:00.809] {localhost-startStop-1}[INFO ][org.quartz.core.QuartzScheduler]: JobFactory set to: org.springframework.scheduling.quartz.AdaptableJobFactory@11253ac
[2019-03-15 09:08:00.820] {localhost-startStop-1}[DEBUG][es.ja.cice.pct.moad.manager.ServicioCriptografico]: Validando las claves de cifrado.
[2019-03-15 09:08:00.823] {localhost-startStop-1}[DEBUG][es.ja.cice.pct.moad.manager.ServicioCriptografico]: Validando clave para cifrado de aplicaciones.
[2019-03-15 09:08:01.209] {localhost-startStop-1}[DEBUG][es.ja.cice.pct.moad.manager.ServicioCriptografico]: Clave de cifrado de aplicaciones validada correctamente.
[2019-03-15 09:08:01.210] {localhost-startStop-1}[DEBUG][es.ja.cice.pct.moad.manager.ServicioCriptografico]: Validando clave para cifrado de oficinas de registro.
[2019-03-15 09:08:01.210] {localhost-startStop-1}[DEBUG][es.ja.cice.pct.moad.manager.ServicioCriptografico]: Clave de cifrado de oficinas de regsitro validada correctamente.
[2019-03-15 09:08:01.210] {localhost-startStop-1}[DEBUG][es.ja.cice.pct.moad.manager.ServicioCriptografico]: Validando clave para cifrado de configuración Trew@.
[2019-03-15 09:08:01.210] {localhost-startStop-1}[DEBUG][es.ja.cice.pct.moad.manager.ServicioCriptografico]: Clave de cifrado de configuración Trew@ validada correctamente.
[2019-03-15 09:08:01.210] {localhost-startStop-1}[DEBUG][es.ja.cice.pct.moad.manager.ServicioCriptografico]: Claves de cifrado validadas correctamente.
[2019-03-15 09:08:01.682] {localhost-startStop-1}[DEBUG][es.ja.cice.pct.moad.util.ManejadorPreferenciasImpl]: Cargando valores desde archivo: moad-service.properties
[2019-03-15 09:08:01.683] {localhost-startStop-1}[DEBUG][es.ja.cice.pct.moad.util.ManejadorPreferenciasImpl]: Valores de configuración cargados.
[2019-03-15 09:08:02.101] {localhost-startStop-1}[INFO ][org.apache.cxf.service.factory.ReflectionServiceFactoryBean]: Creating Service {http://webservices.moad.pct.cice.ja.es/}ConfiguracionesService from class es.ja.cice.pct.moad.webservices.IConfiguracionesService
[2019-03-15 09:08:03.076] {localhost-startStop-1}[INFO ][org.apache.cxf.endpoint.ServerImpl]: Setting the server's publish address to be /ConfiguracionesService
[2019-03-15 09:08:03.095] {localhost-startStop-1}[INFO ][org.apache.cxf.service.factory.ReflectionServiceFactoryBean]: Creating Service {http://webservices.moad.pct.cice.ja.es/}MenuCabeceraService from class es.ja.cice.pct.moad.webservices.IMenuCabeceraService
[2019-03-15 09:08:03.141] {localhost-startStop-1}[INFO ][org.apache.cxf.endpoint.ServerImpl]: Setting the server's publish address to be /MenuCabeceraService
[2019-03-15 09:08:03.144] {localhost-startStop-1}[INFO ][org.apache.cxf.service.factory.ReflectionServiceFactoryBean]: Creating Service {http://webservices.moad.pct.cice.ja.es/}PerfilesService from class es.ja.cice.pct.moad.webservices.IPerfilesService
[2019-03-15 09:08:03.203] {localhost-startStop-1}[INFO ][org.apache.cxf.endpoint.ServerImpl]: Setting the server's publish address to be /PerfilesService
[2019-03-15 09:08:03.206] {localhost-startStop-1}[INFO ][org.apache.cxf.service.factory.ReflectionServiceFactoryBean]: Creating Service {http://webservices.moad.pct.cice.ja.es/}ProcedimientosService from class es.ja.cice.pct.moad.webservices.IProcedimientosService
[2019-03-15 09:08:03.469] {localhost-startStop-1}[INFO ][org.apache.cxf.endpoint.ServerImpl]: Setting the server's publish address to be /ProcedimientosService
[2019-03-15 09:08:03.472] {localhost-startStop-1}[INFO ][org.apache.cxf.service.factory.ReflectionServiceFactoryBean]: Creating Service {http://webservices.moad.pct.cice.ja.es/}UnidadesOrganicasService from class es.ja.cice.pct.moad.webservices.IUnidadesOrganicasService
[2019-03-15 09:08:03.660] {localhost-startStop-1}[INFO ][org.apache.cxf.endpoint.ServerImpl]: Setting the server's publish address to be /UnidadesOrganicasService
[2019-03-15 09:08:03.663] {localhost-startStop-1}[INFO ][org.apache.cxf.service.factory.ReflectionServiceFactoryBean]: Creating Service {http://webservices.moad.pct.cice.ja.es/}UsuariosService from class es.ja.cice.pct.moad.webservices.IUsuariosService
[2019-03-15 09:08:03.737] {localhost-startStop-1}[INFO ][org.apache.cxf.endpoint.ServerImpl]: Setting the server's publish address to be /UsuariosService
[2019-03-15 09:08:03.741] {localhost-startStop-1}[INFO ][org.apache.cxf.service.factory.ReflectionServiceFactoryBean]: Creating Service {http://webservices.security.common.pct.cice.ja.es/}ValidacionService from class es.ja.cice.pct.common.security.webservices.IValidacionService
[2019-03-15 09:08:03.985] {localhost-startStop-1}[INFO ][org.apache.cxf.endpoint.ServerImpl]: Setting the server's publish address to be /ValidacionService
[2019-03-15 09:08:03.988] {localhost-startStop-1}[INFO ][org.apache.cxf.service.factory.ReflectionServiceFactoryBean]: Creating Service {http://webservices.moad.pct.cice.ja.es/}ListasGlobalesServiceImplService from class es.ja.cice.pct.moad.webservices.IListasGlobalesService
[2019-03-15 09:08:04.107] {localhost-startStop-1}[INFO ][org.apache.cxf.endpoint.ServerImpl]: Setting the server's publish address to be /ListasGlobalesService
[2019-03-15 09:08:04.328] {localhost-startStop-1}[INFO ][org.quartz.core.QuartzScheduler]: Scheduler org.springframework.scheduling.quartz.SchedulerFactoryBean#0_$_NON_CLUSTERED started.
[2019-03-15 09:11:45.819] {localhost-startStop-2}[INFO ][org.quartz.core.QuartzScheduler]: Scheduler org.springframework.scheduling.quartz.SchedulerFactoryBean#0_$_NON_CLUSTERED paused.
[2019-03-15 09:11:45.824] {localhost-startStop-2}[INFO ][org.quartz.core.QuartzScheduler]: Scheduler org.springframework.scheduling.quartz.SchedulerFactoryBean#0_$_NON_CLUSTERED shutting down.
[2019-03-15 09:11:45.825] {localhost-startStop-2}[INFO ][org.quartz.core.QuartzScheduler]: Scheduler org.springframework.scheduling.quartz.SchedulerFactoryBean#0_$_NON_CLUSTERED paused.
[2019-03-15 09:11:45.825] {localhost-startStop-2}[INFO ][org.quartz.core.QuartzScheduler]: Scheduler org.springframework.scheduling.quartz.SchedulerFactoryBean#0_$_NON_CLUSTERED shutdown complete.
[2019-03-15 09:12:26.110] {localhost-startStop-1}[DEBUG][org.apache.ibatis.logging.LogFactory]: Logging initialized using 'class org.apache.ibatis.logging.slf4j.Slf4jImpl' adapter.
[2019-03-15 09:12:29.042] {localhost-startStop-1}[DEBUG][org.mybatis.spring.SqlSessionFactoryBean]: Parsed configuration file: 'class path resource [sql-map-config.xml]'
[2019-03-15 09:12:29.044] {localhost-startStop-1}[DEBUG][org.mybatis.spring.SqlSessionFactoryBean]: Property 'mapperLocations' was not specified or no matching resources found
[2019-03-15 09:12:29.662] {localhost-startStop-1}[INFO ][org.quartz.core.SchedulerSignalerImpl]: Initialized Scheduler Signaller of type: class org.quartz.core.SchedulerSignalerImpl
[2019-03-15 09:12:29.663] {localhost-startStop-1}[INFO ][org.quartz.core.QuartzScheduler]: Quartz Scheduler v.1.6.1 created.
[2019-03-15 09:12:29.665] {localhost-startStop-1}[INFO ][org.quartz.simpl.RAMJobStore]: RAMJobStore initialized.
[2019-03-15 09:12:29.665] {localhost-startStop-1}[INFO ][org.quartz.impl.StdSchedulerFactory]: Quartz scheduler 'org.springframework.scheduling.quartz.SchedulerFactoryBean#0' initialized from an externally provided properties instance.
[2019-03-15 09:12:29.665] {localhost-startStop-1}[INFO ][org.quartz.impl.StdSchedulerFactory]: Quartz scheduler version: 1.6.1
[2019-03-15 09:12:29.668] {localhost-startStop-1}[INFO ][org.quartz.core.QuartzScheduler]: JobFactory set to: org.springframework.scheduling.quartz.AdaptableJobFactory@57865558
[2019-03-15 09:12:29.677] {localhost-startStop-1}[DEBUG][es.ja.cice.pct.moad.manager.ServicioCriptografico]: Validando las claves de cifrado.
[2019-03-15 09:12:29.681] {localhost-startStop-1}[DEBUG][es.ja.cice.pct.moad.manager.ServicioCriptografico]: Validando clave para cifrado de aplicaciones.
[2019-03-15 09:12:30.039] {localhost-startStop-1}[DEBUG][es.ja.cice.pct.moad.manager.ServicioCriptografico]: Clave de cifrado de aplicaciones validada correctamente.
[2019-03-15 09:12:30.040] {localhost-startStop-1}[DEBUG][es.ja.cice.pct.moad.manager.ServicioCriptografico]: Validando clave para cifrado de oficinas de registro.
[2019-03-15 09:12:30.040] {localhost-startStop-1}[DEBUG][es.ja.cice.pct.moad.manager.ServicioCriptografico]: Clave de cifrado de oficinas de regsitro validada correctamente.
[2019-03-15 09:12:30.040] {localhost-startStop-1}[DEBUG][es.ja.cice.pct.moad.manager.ServicioCriptografico]: Validando clave para cifrado de configuración Trew@.
[2019-03-15 09:12:30.040] {localhost-startStop-1}[DEBUG][es.ja.cice.pct.moad.manager.ServicioCriptografico]: Clave de cifrado de configuración Trew@ validada correctamente.
[2019-03-15 09:12:30.040] {localhost-startStop-1}[DEBUG][es.ja.cice.pct.moad.manager.ServicioCriptografico]: Claves de cifrado validadas correctamente.
[2019-03-15 09:12:30.509] {localhost-startStop-1}[DEBUG][es.ja.cice.pct.moad.util.ManejadorPreferenciasImpl]: Cargando valores desde archivo: moad-service.properties
[2019-03-15 09:12:30.510] {localhost-startStop-1}[DEBUG][es.ja.cice.pct.moad.util.ManejadorPreferenciasImpl]: Valores de configuración cargados.
[2019-03-15 09:12:31.598] {localhost-startStop-1}[INFO ][org.apache.cxf.service.factory.ReflectionServiceFactoryBean]: Creating Service {http://webservices.moad.pct.cice.ja.es/}ConfiguracionesService from class es.ja.cice.pct.moad.webservices.IConfiguracionesService
[2019-03-15 09:12:32.921] {localhost-startStop-1}[INFO ][org.apache.cxf.endpoint.ServerImpl]: Setting the server's publish address to be /ConfiguracionesService
[2019-03-15 09:12:32.943] {localhost-startStop-1}[INFO ][org.apache.cxf.service.factory.ReflectionServiceFactoryBean]: Creating Service {http://webservices.moad.pct.cice.ja.es/}MenuCabeceraService from class es.ja.cice.pct.moad.webservices.IMenuCabeceraService
[2019-03-15 09:12:32.991] {localhost-startStop-1}[INFO ][org.apache.cxf.endpoint.ServerImpl]: Setting the server's publish address to be /MenuCabeceraService
[2019-03-15 09:12:32.994] {localhost-startStop-1}[INFO ][org.apache.cxf.service.factory.ReflectionServiceFactoryBean]: Creating Service {http://webservices.moad.pct.cice.ja.es/}PerfilesService from class es.ja.cice.pct.moad.webservices.IPerfilesService
[2019-03-15 09:12:33.053] {localhost-startStop-1}[INFO ][org.apache.cxf.endpoint.ServerImpl]: Setting the server's publish address to be /PerfilesService
[2019-03-15 09:12:33.056] {localhost-startStop-1}[INFO ][org.apache.cxf.service.factory.ReflectionServiceFactoryBean]: Creating Service {http://webservices.moad.pct.cice.ja.es/}ProcedimientosService from class es.ja.cice.pct.moad.webservices.IProcedimientosService
[2019-03-15 09:12:33.331] {localhost-startStop-1}[INFO ][org.apache.cxf.endpoint.ServerImpl]: Setting the server's publish address to be /ProcedimientosService
[2019-03-15 09:12:33.334] {localhost-startStop-1}[INFO ][org.apache.cxf.service.factory.ReflectionServiceFactoryBean]: Creating Service {http://webservices.moad.pct.cice.ja.es/}UnidadesOrganicasService from class es.ja.cice.pct.moad.webservices.IUnidadesOrganicasService
[2019-03-15 09:12:33.541] {localhost-startStop-1}[INFO ][org.apache.cxf.endpoint.ServerImpl]: Setting the server's publish address to be /UnidadesOrganicasService
[2019-03-15 09:12:33.545] {localhost-startStop-1}[INFO ][org.apache.cxf.service.factory.ReflectionServiceFactoryBean]: Creating Service {http://webservices.moad.pct.cice.ja.es/}UsuariosService from class es.ja.cice.pct.moad.webservices.IUsuariosService
[2019-03-15 09:12:33.623] {localhost-startStop-1}[INFO ][org.apache.cxf.endpoint.ServerImpl]: Setting the server's publish address to be /UsuariosService
[2019-03-15 09:12:33.627] {localhost-startStop-1}[INFO ][org.apache.cxf.service.factory.ReflectionServiceFactoryBean]: Creating Service {http://webservices.security.common.pct.cice.ja.es/}ValidacionService from class es.ja.cice.pct.common.security.webservices.IValidacionService
[2019-03-15 09:12:33.889] {localhost-startStop-1}[INFO ][org.apache.cxf.endpoint.ServerImpl]: Setting the server's publish address to be /ValidacionService
[2019-03-15 09:12:33.892] {localhost-startStop-1}[INFO ][org.apache.cxf.service.factory.ReflectionServiceFactoryBean]: Creating Service {http://webservices.moad.pct.cice.ja.es/}ListasGlobalesServiceImplService from class es.ja.cice.pct.moad.webservices.IListasGlobalesService
[2019-03-15 09:12:34.013] {localhost-startStop-1}[INFO ][org.apache.cxf.endpoint.ServerImpl]: Setting the server's publish address to be /ListasGlobalesService
[2019-03-15 09:12:34.023] {localhost-startStop-1}[INFO ][org.quartz.core.QuartzScheduler]: Scheduler org.springframework.scheduling.quartz.SchedulerFactoryBean#0_$_NON_CLUSTERED started.
